<?xml version="1.0" encoding="UTF-8"?>
<robot generator="Robot 7.3.2 (Python 3.13.7 on linux)" generated="2025-09-02T17:44:24.896391" rpa="false" schemaversion="5">
<suite id="s1" name="Carrinho-De-Compras" source="/home/generic/data/code/courses/coti/test-automation_2025-08/robot-framework/aula06/tests/carrinho-de-compras.robot">
<test id="s1-t1" name="Scenario: Adicionar produtos ao carrinho de compras e finalizar compra" line="17">
<kw name="Given Eu estou na página inicial da loja virtual">
<kw name="Open Browser" owner="SeleniumLibrary">
<msg time="2025-09-02T17:44:24.955322" level="INFO">Opening browser 'chrome' to base url 'https://www.saucedemo.com/v1/inventory.html'.</msg>
<arg>${URL_BASE}</arg>
<arg>${BROWSER_NAME}</arg>
<doc>Opens a new browser instance to the optional ``url``.</doc>
<status status="PASS" start="2025-09-02T17:44:24.955141" elapsed="1.579843"/>
</kw>
<kw name="Maximize Browser Window" owner="SeleniumLibrary">
<doc>Maximizes current browser window.</doc>
<status status="PASS" start="2025-09-02T17:44:26.535220" elapsed="0.011981"/>
</kw>
<kw name="Capture Page Screenshot" owner="SeleniumLibrary">
<msg time="2025-09-02T17:44:26.692554" level="INFO" html="true">&lt;/td&gt;&lt;/tr&gt;&lt;tr&gt;&lt;td colspan="3"&gt;&lt;a href="screenshots/01_pagina_inicial.png"&gt;&lt;img src="screenshots/01_pagina_inicial.png" width="800px"&gt;&lt;/a&gt;</msg>
<arg>screenshots/01_pagina_inicial.png</arg>
<doc>Takes a screenshot of the current page and embeds it into a log file.</doc>
<status status="PASS" start="2025-09-02T17:44:26.547507" elapsed="0.145232"/>
</kw>
<status status="PASS" start="2025-09-02T17:44:24.954709" elapsed="1.738117"/>
</kw>
<kw name="And Eu adiciono uma amostra aleatória de produtos ao meu carrinho">
<kw name="Obter Amostra Aleatória de Itens de Inventário" owner="carrinho-de-compras">
<kw name="Contar Itens de Inventário" owner="carrinho-de-compras">
<kw name="Get WebElements" owner="SeleniumLibrary">
<msg time="2025-09-02T17:44:26.698127" level="INFO">${items} = [&lt;selenium.webdriver.remote.webelement.WebElement (session="ac793142aca333cbe883a9801f8b1f87", element="f.7E0DD16F2B1936D4F0E81B60C5D0D28D.d.3E05ABE7AA051416D9AAA868F917B24E.e.30")&gt;, &lt;selenium.webdriv...</msg>
<var>${items}</var>
<arg>${INVENTORY_ITEMS}</arg>
<doc>Returns a list of WebElement objects matching the ``locator``.</doc>
<status status="PASS" start="2025-09-02T17:44:26.693549" elapsed="0.004716"/>
</kw>
<kw name="Get Length" owner="BuiltIn">
<msg time="2025-09-02T17:44:26.698467" level="INFO">Length is 6.</msg>
<msg time="2025-09-02T17:44:26.698534" level="INFO">${count} = 6</msg>
<var>${count}</var>
<arg>${items}</arg>
<doc>Returns and logs the length of the given item as an integer.</doc>
<status status="PASS" start="2025-09-02T17:44:26.698361" elapsed="0.000207"/>
</kw>
<return>
<value>${count}</value>
<status status="PASS" start="2025-09-02T17:44:26.698614" elapsed="0.000061"/>
</return>
<msg time="2025-09-02T17:44:26.698757" level="INFO">${max} = 6</msg>
<var>${max}</var>
<status status="PASS" start="2025-09-02T17:44:26.693429" elapsed="0.005363"/>
</kw>
<kw name="Evaluate" owner="BuiltIn">
<msg time="2025-09-02T17:44:26.699040" level="INFO">${sample_size} = 2</msg>
<var>${sample_size}</var>
<arg>random.choice(range(1,${max}))</arg>
<arg>random</arg>
<doc>Evaluates the given expression in Python and returns the result.</doc>
<status status="PASS" start="2025-09-02T17:44:26.698854" elapsed="0.000226"/>
</kw>
<kw name="Evaluate" owner="BuiltIn">
<msg time="2025-09-02T17:44:26.699308" level="INFO">@{sample} = [ 0 | 3 ]</msg>
<var>@{sample}</var>
<arg>random.sample(range(0,${max}), ${sample_size})</arg>
<arg>random</arg>
<doc>Evaluates the given expression in Python and returns the result.</doc>
<status status="PASS" start="2025-09-02T17:44:26.699146" elapsed="0.000201"/>
</kw>
<return>
<value>@{sample}</value>
<status status="PASS" start="2025-09-02T17:44:26.699389" elapsed="0.000037"/>
</return>
<msg time="2025-09-02T17:44:26.699501" level="INFO">@{sample} = [ 0 | 3 ]</msg>
<var>@{sample}</var>
<status status="PASS" start="2025-09-02T17:44:26.693293" elapsed="0.006240"/>
</kw>
<kw name="Get WebElements" owner="SeleniumLibrary">
<msg time="2025-09-02T17:44:26.704295" level="INFO">@{BUTTONS} = [ &lt;selenium.webdriver.remote.webelement.WebElement (session="ac793142aca333cbe883a9801f8b1f87", element="f.7E0DD16F2B1936D4F0E81B60C5D0D28D.d.3E05ABE7AA051416D9AAA868F917B24E.e.21")&gt; | &lt;selenium.webdr...</msg>
<var>@{BUTTONS}</var>
<arg>${ADD_TO_CART_BUTTONS}</arg>
<doc>Returns a list of WebElement objects matching the ``locator``.</doc>
<status status="PASS" start="2025-09-02T17:44:26.699595" elapsed="0.004768"/>
</kw>
<for flavor="IN">
<iter>
<kw name="Click Element" owner="SeleniumLibrary">
<msg time="2025-09-02T17:44:26.704772" level="INFO">Clicking element '&lt;selenium.webdriver.remote.webelement.WebElement (session="ac793142aca333cbe883a9801f8b1f87", element="f.7E0DD16F2B1936D4F0E81B60C5D0D28D.d.3E05ABE7AA051416D9AAA868F917B24E.e.21")&gt;'.</msg>
<arg>${BUTTONS}[${item_number}]</arg>
<doc>Click the element identified by ``locator``.</doc>
<status status="PASS" start="2025-09-02T17:44:26.704646" elapsed="0.019426"/>
</kw>
<var name="${item_number}">0</var>
<status status="PASS" start="2025-09-02T17:44:26.704560" elapsed="0.019640"/>
</iter>
<iter>
<kw name="Click Element" owner="SeleniumLibrary">
<msg time="2025-09-02T17:44:26.724689" level="INFO">Clicking element '&lt;selenium.webdriver.remote.webelement.WebElement (session="ac793142aca333cbe883a9801f8b1f87", element="f.7E0DD16F2B1936D4F0E81B60C5D0D28D.d.3E05ABE7AA051416D9AAA868F917B24E.e.35")&gt;'.</msg>
<arg>${BUTTONS}[${item_number}]</arg>
<doc>Click the element identified by ``locator``.</doc>
<status status="PASS" start="2025-09-02T17:44:26.724469" elapsed="0.012483"/>
</kw>
<var name="${item_number}">3</var>
<status status="PASS" start="2025-09-02T17:44:26.724347" elapsed="0.012711"/>
</iter>
<var>${item_number}</var>
<value>@{sample}</value>
<status status="PASS" start="2025-09-02T17:44:26.704430" elapsed="0.032684"/>
</for>
<kw name="Click Link" owner="SeleniumLibrary">
<msg time="2025-09-02T17:44:26.737442" level="INFO">Clicking link 'css=.shopping_cart_link'.</msg>
<arg>${LINK_SHOPCART}</arg>
<doc>Clicks a link identified by ``locator``.</doc>
<status status="PASS" start="2025-09-02T17:44:26.737242" elapsed="0.295013"/>
</kw>
<kw name="Wait Until Location Contains" owner="SeleniumLibrary">
<arg>${URL_CART}</arg>
<doc>Waits until the current URL contains ``expected``.</doc>
<status status="PASS" start="2025-09-02T17:44:27.032472" elapsed="0.002299"/>
</kw>
<kw name="Capture Page Screenshot" owner="SeleniumLibrary">
<msg time="2025-09-02T17:44:27.083070" level="INFO" html="true">&lt;/td&gt;&lt;/tr&gt;&lt;tr&gt;&lt;td colspan="3"&gt;&lt;a href="screenshots/02_carrinho_de_compras.png"&gt;&lt;img src="screenshots/02_carrinho_de_compras.png" width="800px"&gt;&lt;/a&gt;</msg>
<arg>screenshots/02_carrinho_de_compras.png</arg>
<doc>Takes a screenshot of the current page and embeds it into a log file.</doc>
<status status="PASS" start="2025-09-02T17:44:27.034957" elapsed="0.048290"/>
</kw>
<status status="PASS" start="2025-09-02T17:44:26.693069" elapsed="0.390257"/>
</kw>
<kw name="When Eu confirmo meus dados e solicito a realização da compra">
<kw name="Click Link" owner="SeleniumLibrary">
<msg time="2025-09-02T17:44:27.083874" level="INFO">Clicking link 'css=.checkout_button'.</msg>
<arg>${LINK_CHECKOUT}</arg>
<doc>Clicks a link identified by ``locator``.</doc>
<status status="PASS" start="2025-09-02T17:44:27.083738" elapsed="0.284968"/>
</kw>
<kw name="Wait Until Location Contains" owner="SeleniumLibrary">
<arg>${URL_CHECKOUT}</arg>
<doc>Waits until the current URL contains ``expected``.</doc>
<status status="PASS" start="2025-09-02T17:44:27.368901" elapsed="0.002253"/>
</kw>
<kw name="Input Text" owner="SeleniumLibrary">
<msg time="2025-09-02T17:44:27.371562" level="INFO">Typing text 'Pedro' into text field 'id=first-name'.</msg>
<arg>${INPUT_FIRSTNAME}</arg>
<arg>${FIRSTNAME}</arg>
<doc>Types the given ``text`` into the text field identified by ``locator``.</doc>
<status status="PASS" start="2025-09-02T17:44:27.371338" elapsed="0.025581"/>
</kw>
<kw name="Input Text" owner="SeleniumLibrary">
<msg time="2025-09-02T17:44:27.397303" level="INFO">Typing text 'Ribeiro' into text field 'id=last-name'.</msg>
<arg>${INPUT_LASTNAME}</arg>
<arg>${LASTNAME}</arg>
<doc>Types the given ``text`` into the text field identified by ``locator``.</doc>
<status status="PASS" start="2025-09-02T17:44:27.397100" elapsed="0.019322"/>
</kw>
<kw name="Input Text" owner="SeleniumLibrary">
<msg time="2025-09-02T17:44:27.416810" level="INFO">Typing text '8806355' into text field 'id=postal-code'.</msg>
<arg>${INPUT_ZIPCODE}</arg>
<arg>${ZIPCODE}</arg>
<doc>Types the given ``text`` into the text field identified by ``locator``.</doc>
<status status="PASS" start="2025-09-02T17:44:27.416606" elapsed="0.017176"/>
</kw>
<kw name="Click Button" owner="SeleniumLibrary">
<msg time="2025-09-02T17:44:27.434159" level="INFO">Clicking button 'css=.cart_button[value="CONTINUE"]'.</msg>
<arg>${BUTTON_CONTINUE}</arg>
<doc>Clicks the button identified by ``locator``.</doc>
<status status="PASS" start="2025-09-02T17:44:27.433967" elapsed="0.329195"/>
</kw>
<kw name="Wait Until Location Contains" owner="SeleniumLibrary">
<arg>${URL_CHECKOUT_OVERVIEW}</arg>
<doc>Waits until the current URL contains ``expected``.</doc>
<status status="PASS" start="2025-09-02T17:44:27.763358" elapsed="0.002186"/>
</kw>
<kw name="Wait Until Element Is Visible" owner="SeleniumLibrary">
<arg>${TOTAL_LABEL}</arg>
<doc>Waits until the element ``locator`` is visible.</doc>
<status status="PASS" start="2025-09-02T17:44:27.765721" elapsed="0.006991"/>
</kw>
<kw name="Scroll Element Into View" owner="SeleniumLibrary">
<arg>${TOTAL_LABEL}</arg>
<doc>Scrolls the element identified by ``locator`` into view.</doc>
<status status="PASS" start="2025-09-02T17:44:27.772861" elapsed="0.256195"/>
</kw>
<kw name="Capture Page Screenshot" owner="SeleniumLibrary">
<msg time="2025-09-02T17:44:28.159305" level="INFO" html="true">&lt;/td&gt;&lt;/tr&gt;&lt;tr&gt;&lt;td colspan="3"&gt;&lt;a href="screenshots/03_resumo_de_compra.png"&gt;&lt;img src="screenshots/03_resumo_de_compra.png" width="800px"&gt;&lt;/a&gt;</msg>
<arg>screenshots/03_resumo_de_compra.png</arg>
<doc>Takes a screenshot of the current page and embeds it into a log file.</doc>
<status status="PASS" start="2025-09-02T17:44:28.029252" elapsed="0.130226"/>
</kw>
<status status="PASS" start="2025-09-02T17:44:27.083543" elapsed="1.076016"/>
</kw>
<kw name="Then Eu verifico se o valor total corresponde aos subtotais de cada produto, mais taxas">
<kw name="Obter Preço Via Elemento" owner="carrinho-de-compras">
<kw name="Get Text" owner="SeleniumLibrary">
<msg time="2025-09-02T17:44:28.166466" level="INFO">${text} = Total: $86.38</msg>
<var>${text}</var>
<arg>${locator}</arg>
<doc>Returns the text value of the element identified by ``locator``.</doc>
<status status="PASS" start="2025-09-02T17:44:28.160174" elapsed="0.006376"/>
</kw>
<kw name="Get Regexp Matches" owner="String">
<msg time="2025-09-02T17:44:28.166843" level="INFO">${matches} = ['86.38']</msg>
<var>${matches}</var>
<arg>${text}</arg>
<arg>[0-9]+\.[0-9]+</arg>
<doc>Returns a list of all non-overlapping matches in the given string.</doc>
<status status="PASS" start="2025-09-02T17:44:28.166647" elapsed="0.000241"/>
</kw>
<kw name="Set Variable" owner="BuiltIn">
<msg time="2025-09-02T17:44:28.167061" level="INFO">${amount} = 86.38</msg>
<var>${amount}</var>
<arg>${matches}[0]</arg>
<doc>Returns the given values which can then be assigned to a variables.</doc>
<status status="PASS" start="2025-09-02T17:44:28.166958" elapsed="0.000142"/>
</kw>
<kw name="Convert To Number" owner="BuiltIn">
<msg time="2025-09-02T17:44:28.167275" level="INFO">${amount} = 86.38</msg>
<var>${amount}</var>
<arg>${amount}</arg>
<doc>Converts the given item to a floating point number.</doc>
<status status="PASS" start="2025-09-02T17:44:28.167160" elapsed="0.000149"/>
</kw>
<return>
<value>${amount}</value>
<status status="PASS" start="2025-09-02T17:44:28.167349" elapsed="0.000043"/>
</return>
<msg time="2025-09-02T17:44:28.167463" level="INFO">${captured_total} = 86.38</msg>
<var>${captured_total}</var>
<arg>${TOTAL_LABEL}</arg>
<status status="PASS" start="2025-09-02T17:44:28.159954" elapsed="0.007542"/>
</kw>
<kw name="Obter Todos Os Preços" owner="carrinho-de-compras">
<kw name="Get WebElements" owner="SeleniumLibrary">
<msg time="2025-09-02T17:44:28.170954" level="INFO">${elements_1} = [&lt;selenium.webdriver.remote.webelement.WebElement (session="ac793142aca333cbe883a9801f8b1f87", element="f.7E0DD16F2B1936D4F0E81B60C5D0D28D.d.F0097FA21783C37B92014105D908F9F8.e.75")&gt;, &lt;selenium.webdriv...</msg>
<var>${elements_1}</var>
<arg>${locator_1}</arg>
<doc>Returns a list of WebElement objects matching the ``locator``.</doc>
<status status="PASS" start="2025-09-02T17:44:28.167773" elapsed="0.003246"/>
</kw>
<kw name="Get WebElements" owner="SeleniumLibrary">
<msg time="2025-09-02T17:44:28.174492" level="INFO">${elements_2} = [&lt;selenium.webdriver.remote.webelement.WebElement (session="ac793142aca333cbe883a9801f8b1f87", element="f.7E0DD16F2B1936D4F0E81B60C5D0D28D.d.F0097FA21783C37B92014105D908F9F8.e.77")&gt;]</msg>
<var>${elements_2}</var>
<arg>${locator_2}</arg>
<doc>Returns a list of WebElement objects matching the ``locator``.</doc>
<status status="PASS" start="2025-09-02T17:44:28.171100" elapsed="0.003466"/>
</kw>
<kw name="Combine Lists" owner="Collections">
<msg time="2025-09-02T17:44:28.174787" level="INFO">${elements} = [&lt;selenium.webdriver.remote.webelement.WebElement (session="ac793142aca333cbe883a9801f8b1f87", element="f.7E0DD16F2B1936D4F0E81B60C5D0D28D.d.F0097FA21783C37B92014105D908F9F8.e.75")&gt;, &lt;selenium.webdriv...</msg>
<var>${elements}</var>
<arg>${elements_1}</arg>
<arg>${elements_2}</arg>
<doc>Combines the given ``lists`` together and returns the result.</doc>
<status status="PASS" start="2025-09-02T17:44:28.174652" elapsed="0.000181"/>
</kw>
<kw name="Create List" owner="BuiltIn">
<msg time="2025-09-02T17:44:28.174975" level="INFO">${prices} = []</msg>
<var>${prices}</var>
<doc>Returns a list containing given items.</doc>
<status status="PASS" start="2025-09-02T17:44:28.174898" elapsed="0.000113"/>
</kw>
<for flavor="IN">
<iter>
<kw name="Get Text" owner="SeleniumLibrary">
<msg time="2025-09-02T17:44:28.177446" level="INFO">${text} = $29.99</msg>
<var>${text}</var>
<arg>${el}</arg>
<doc>Returns the text value of the element identified by ``locator``.</doc>
<status status="PASS" start="2025-09-02T17:44:28.175250" elapsed="0.002272"/>
</kw>
<kw name="Get Regexp Matches" owner="String">
<msg time="2025-09-02T17:44:28.177778" level="INFO">${matches} = ['29.99']</msg>
<var>${matches}</var>
<arg>${text}</arg>
<arg>[0-9]+\.[0-9]+</arg>
<doc>Returns a list of all non-overlapping matches in the given string.</doc>
<status status="PASS" start="2025-09-02T17:44:28.177622" elapsed="0.000212"/>
</kw>
<kw name="Set Variable" owner="BuiltIn">
<msg time="2025-09-02T17:44:28.178042" level="INFO">${amount} = 29.99</msg>
<var>${amount}</var>
<arg>${matches}[0]</arg>
<doc>Returns the given values which can then be assigned to a variables.</doc>
<status status="PASS" start="2025-09-02T17:44:28.177923" elapsed="0.000168"/>
</kw>
<kw name="Convert To Number" owner="BuiltIn">
<msg time="2025-09-02T17:44:28.178318" level="INFO">${amount} = 29.99</msg>
<var>${amount}</var>
<arg>${amount}</arg>
<doc>Converts the given item to a floating point number.</doc>
<status status="PASS" start="2025-09-02T17:44:28.178177" elapsed="0.000187"/>
</kw>
<kw name="Append To List" owner="Collections">
<arg>${prices}</arg>
<arg>${amount}</arg>
<doc>Adds ``values`` to the end of ``list``.</doc>
<status status="PASS" start="2025-09-02T17:44:28.178440" elapsed="0.000106"/>
</kw>
<var name="${el}">&lt;selenium.webdriver.remote.webelement.WebElement (session="ac793142aca333cbe883a9801f8b1f87", element="f.7E0DD16F2B1936D4F0E81B60C5D0D28D.d.F0097FA21783C37B92014105D908F9F8.e.75")&gt;</var>
<status status="PASS" start="2025-09-02T17:44:28.175177" elapsed="0.003418"/>
</iter>
<iter>
<kw name="Get Text" owner="SeleniumLibrary">
<msg time="2025-09-02T17:44:28.181696" level="INFO">${text} = $49.99</msg>
<var>${text}</var>
<arg>${el}</arg>
<doc>Returns the text value of the element identified by ``locator``.</doc>
<status status="PASS" start="2025-09-02T17:44:28.178789" elapsed="0.002988"/>
</kw>
<kw name="Get Regexp Matches" owner="String">
<msg time="2025-09-02T17:44:28.182004" level="INFO">${matches} = ['49.99']</msg>
<var>${matches}</var>
<arg>${text}</arg>
<arg>[0-9]+\.[0-9]+</arg>
<doc>Returns a list of all non-overlapping matches in the given string.</doc>
<status status="PASS" start="2025-09-02T17:44:28.181875" elapsed="0.000170"/>
</kw>
<kw name="Set Variable" owner="BuiltIn">
<msg time="2025-09-02T17:44:28.182233" level="INFO">${amount} = 49.99</msg>
<var>${amount}</var>
<arg>${matches}[0]</arg>
<doc>Returns the given values which can then be assigned to a variables.</doc>
<status status="PASS" start="2025-09-02T17:44:28.182109" elapsed="0.000182"/>
</kw>
<kw name="Convert To Number" owner="BuiltIn">
<msg time="2025-09-02T17:44:28.182479" level="INFO">${amount} = 49.99</msg>
<var>${amount}</var>
<arg>${amount}</arg>
<doc>Converts the given item to a floating point number.</doc>
<status status="PASS" start="2025-09-02T17:44:28.182367" elapsed="0.000148"/>
</kw>
<kw name="Append To List" owner="Collections">
<arg>${prices}</arg>
<arg>${amount}</arg>
<doc>Adds ``values`` to the end of ``list``.</doc>
<status status="PASS" start="2025-09-02T17:44:28.182574" elapsed="0.000085"/>
</kw>
<var name="${el}">&lt;selenium.webdriver.remote.webelement.WebElement (session="ac793142aca333cbe883a9801f8b1f87", element="f.7E0DD16F2B1936D4F0E81B60C5D0D28D.d.F0097FA21783C37B92014105D908F9F8.e.76")&gt;</var>
<status status="PASS" start="2025-09-02T17:44:28.178704" elapsed="0.003988"/>
</iter>
<iter>
<kw name="Get Text" owner="SeleniumLibrary">
<msg time="2025-09-02T17:44:28.185192" level="INFO">${text} = Tax: $6.40</msg>
<var>${text}</var>
<arg>${el}</arg>
<doc>Returns the text value of the element identified by ``locator``.</doc>
<status status="PASS" start="2025-09-02T17:44:28.182840" elapsed="0.002415"/>
</kw>
<kw name="Get Regexp Matches" owner="String">
<msg time="2025-09-02T17:44:28.185448" level="INFO">${matches} = ['6.40']</msg>
<var>${matches}</var>
<arg>${text}</arg>
<arg>[0-9]+\.[0-9]+</arg>
<doc>Returns a list of all non-overlapping matches in the given string.</doc>
<status status="PASS" start="2025-09-02T17:44:28.185334" elapsed="0.000153"/>
</kw>
<kw name="Set Variable" owner="BuiltIn">
<msg time="2025-09-02T17:44:28.185662" level="INFO">${amount} = 6.40</msg>
<var>${amount}</var>
<arg>${matches}[0]</arg>
<doc>Returns the given values which can then be assigned to a variables.</doc>
<status status="PASS" start="2025-09-02T17:44:28.185550" elapsed="0.000170"/>
</kw>
<kw name="Convert To Number" owner="BuiltIn">
<msg time="2025-09-02T17:44:28.185902" level="INFO">${amount} = 6.4</msg>
<var>${amount}</var>
<arg>${amount}</arg>
<doc>Converts the given item to a floating point number.</doc>
<status status="PASS" start="2025-09-02T17:44:28.185793" elapsed="0.000146"/>
</kw>
<kw name="Append To List" owner="Collections">
<arg>${prices}</arg>
<arg>${amount}</arg>
<doc>Adds ``values`` to the end of ``list``.</doc>
<status status="PASS" start="2025-09-02T17:44:28.185996" elapsed="0.000082"/>
</kw>
<var name="${el}">&lt;selenium.webdriver.remote.webelement.WebElement (session="ac793142aca333cbe883a9801f8b1f87", element="f.7E0DD16F2B1936D4F0E81B60C5D0D28D.d.F0097FA21783C37B92014105D908F9F8.e.77")&gt;</var>
<status status="PASS" start="2025-09-02T17:44:28.182775" elapsed="0.003336"/>
</iter>
<var>${el}</var>
<value>@{elements}</value>
<status status="PASS" start="2025-09-02T17:44:28.175060" elapsed="0.011095"/>
</for>
<return>
<value>${prices}</value>
<status status="PASS" start="2025-09-02T17:44:28.186215" elapsed="0.000043"/>
</return>
<msg time="2025-09-02T17:44:28.186331" level="INFO">${prices} = [29.99, 49.99, 6.4]</msg>
<var>${prices}</var>
<arg>${ITEM_PRICES}</arg>
<arg>${TAX_LABEL}</arg>
<status status="PASS" start="2025-09-02T17:44:28.167618" elapsed="0.018747"/>
</kw>
<kw name="Evaluate" owner="BuiltIn">
<msg time="2025-09-02T17:44:28.186570" level="INFO">${calculated_total} = 86.38</msg>
<var>${calculated_total}</var>
<arg>sum(${prices})</arg>
<doc>Evaluates the given expression in Python and returns the result.</doc>
<status status="PASS" start="2025-09-02T17:44:28.186429" elapsed="0.000175"/>
</kw>
<kw name="Should Be Equal As Numbers" owner="BuiltIn">
<arg>${calculated_total}</arg>
<arg>${captured_total}</arg>
<doc>Fails if objects are unequal after converting them to real numbers.</doc>
<status status="PASS" start="2025-09-02T17:44:28.186663" elapsed="0.000107"/>
</kw>
<status status="PASS" start="2025-09-02T17:44:28.159756" elapsed="0.027058"/>
</kw>
<kw name="Then Após a confirmação final, eu vejo uma mensagem de sucesso informando que a compra foi realizada">
<kw name="Click Link" owner="SeleniumLibrary">
<msg time="2025-09-02T17:44:28.187190" level="INFO">Clicking link 'css=a.cart_button'.</msg>
<arg>${LINK_FINISH}</arg>
<doc>Clicks a link identified by ``locator``.</doc>
<status status="PASS" start="2025-09-02T17:44:28.187079" elapsed="0.543758"/>
</kw>
<kw name="Wait Until Element Is Visible" owner="SeleniumLibrary">
<arg>${SUCCESS_DIV}</arg>
<doc>Waits until the element ``locator`` is visible.</doc>
<status status="PASS" start="2025-09-02T17:44:28.731097" elapsed="0.005803"/>
</kw>
<kw name="Get Text" owner="SeleniumLibrary">
<msg time="2025-09-02T17:44:28.742681" level="INFO">${success_text} = THANK YOU FOR YOUR ORDER</msg>
<var>${success_text}</var>
<arg>${SUCCESS_MESSAGE}</arg>
<doc>Returns the text value of the element identified by ``locator``.</doc>
<status status="PASS" start="2025-09-02T17:44:28.737001" elapsed="0.005751"/>
</kw>
<kw name="Should Be Equal As Strings" owner="BuiltIn">
<arg>${success_text}</arg>
<arg>THANK YOU FOR YOUR ORDER</arg>
<doc>Fails if objects are unequal after converting them to strings.</doc>
<status status="PASS" start="2025-09-02T17:44:28.742828" elapsed="0.000124"/>
</kw>
<kw name="Capture Page Screenshot" owner="SeleniumLibrary">
<msg time="2025-09-02T17:44:28.810460" level="INFO" html="true">&lt;/td&gt;&lt;/tr&gt;&lt;tr&gt;&lt;td colspan="3"&gt;&lt;a href="screenshots/04_compra_realizada_com_sucesso.png"&gt;&lt;img src="screenshots/04_compra_realizada_com_sucesso.png" width="800px"&gt;&lt;/a&gt;</msg>
<arg>screenshots/04_compra_realizada_com_sucesso.png</arg>
<doc>Takes a screenshot of the current page and embeds it into a log file.</doc>
<status status="PASS" start="2025-09-02T17:44:28.743022" elapsed="0.067524"/>
</kw>
<status status="PASS" start="2025-09-02T17:44:28.186947" elapsed="0.623661"/>
</kw>
<doc>Adiciona produtos e realiza compra com sucesso</doc>
<status status="PASS" start="2025-09-02T17:44:24.954326" elapsed="3.856459"/>
</test>
<status status="PASS" start="2025-09-02T17:44:24.897523" elapsed="3.913581"/>
</suite>
<statistics>
<total>
<stat pass="1" fail="0" skip="0">All Tests</stat>
</total>
<tag>
</tag>
<suite>
<stat name="Carrinho-De-Compras" id="s1" pass="1" fail="0" skip="0">Carrinho-De-Compras</stat>
</suite>
</statistics>
<errors>
</errors>
</robot>
